<?xml version="1.0" encoding="UTF-8"?>
<testsuite xmlns:xsi="http://www.w3.org/2001/XMLSchema-instance" xsi:noNamespaceSchemaLocation="https://maven.apache.org/surefire/maven-surefire-plugin/xsd/surefire-test-report-3.0.xsd" version="3.0" name="com.dymometr.Dymometr.DymometrApplicationTests" time="7.185" tests="1" errors="0" skipped="0" failures="0">
  <properties>
[...]
</properties>
  <testcase name="contextLoads" classname="com.dymometr.Dymometr.DymometrApplicationTests" time="0.357">
    <system-out><![CDATA[20:07:01.398 [main] INFO org.springframework.test.context.support.AnnotationConfigContextLoaderUtils -- Could not detect default configuration classes for test class [com.dymometr.Dymometr.DymometrApplicationTests]: DymometrApplicationTests does not declare any static, non-private, non-final, nested classes annotated with @Configuration.
20:07:01.469 [main] INFO org.springframework.boot.test.context.SpringBootTestContextBootstrapper -- Found @SpringBootConfiguration com.dymometr.Dymometr.DymometrApplication for test class com.dymometr.Dymometr.DymometrApplicationTests

  .   ____          _            __ _ _
 /\\ / ___'_ __ _ _(_)_ __  __ _ \ \ \ \
( ( )\___ | '_ | '_| | '_ \/ _` | \ \ \ \
 \\/  ___)| |_)| | | | | || (_| |  ) ) ) )
  '  |____| .__|_| |_|_| |_\__, | / / / /
 =========|_|==============|___/=/_/_/_/

 :: Spring Boot ::                (v3.3.3)

2024-08-26T20:07:01.740+02:00  INFO 19996 --- [dymometer] [           main] c.d.Dymometr.DymometrApplicationTests    : Starting DymometrApplicationTests using Java 21.0.1 with PID 19996 (started by Paweł in D:\JavaProjects\DymometerApp\Dymometr)
2024-08-26T20:07:01.740+02:00  INFO 19996 --- [dymometer] [           main] c.d.Dymometr.DymometrApplicationTests    : No active profile set, falling back to 1 default profile: "default"
2024-08-26T20:07:02.329+02:00  INFO 19996 --- [dymometer] [           main] .s.d.r.c.RepositoryConfigurationDelegate : Bootstrapping Spring Data JPA repositories in DEFAULT mode.
2024-08-26T20:07:02.372+02:00  INFO 19996 --- [dymometer] [           main] .s.d.r.c.RepositoryConfigurationDelegate : Finished Spring Data repository scanning in 37 ms. Found 1 JPA repository interface.
2024-08-26T20:07:02.744+02:00  INFO 19996 --- [dymometer] [           main] o.hibernate.jpa.internal.util.LogHelper  : HHH000204: Processing PersistenceUnitInfo [name: default]
2024-08-26T20:07:02.801+02:00  INFO 19996 --- [dymometer] [           main] org.hibernate.Version                    : HHH000412: Hibernate ORM core version 6.6.0.Final
2024-08-26T20:07:02.833+02:00  INFO 19996 --- [dymometer] [           main] o.h.c.internal.RegionFactoryInitiator    : HHH000026: Second-level cache disabled
2024-08-26T20:07:03.081+02:00  INFO 19996 --- [dymometer] [           main] o.s.o.j.p.SpringPersistenceUnitInfo      : No LoadTimeWeaver setup: ignoring JPA class transformer
2024-08-26T20:07:03.103+02:00  INFO 19996 --- [dymometer] [           main] com.zaxxer.hikari.HikariDataSource       : HikariPool-1 - Starting...
2024-08-26T20:07:05.920+02:00  INFO 19996 --- [dymometer] [           main] com.zaxxer.hikari.pool.HikariPool        : HikariPool-1 - Added connection org.postgresql.jdbc.PgConnection@6e981e78
2024-08-26T20:07:05.921+02:00  INFO 19996 --- [dymometer] [           main] com.zaxxer.hikari.HikariDataSource       : HikariPool-1 - Start completed.
2024-08-26T20:07:06.121+02:00  INFO 19996 --- [dymometer] [           main] org.hibernate.orm.connections.pooling    : HHH10001005: Database info:
	Database JDBC URL [Connecting through datasourcenull]
	Database driver: undefined/unknown
	Database version: 16.3
	Autocommit mode: undefined/unknown
	Isolation level: undefined/unknown
	Minimum pool size: undefined/unknown
	Maximum pool size: undefined/unknown
2024-08-26T20:07:06.730+02:00  INFO 19996 --- [dymometer] [           main] o.h.e.t.j.p.i.JtaPlatformInitiator       : HHH000489: No JTA platform available (set 'hibernate.transaction.jta.platform' to enable JTA platform integration)
2024-08-26T20:07:07.202+02:00  INFO 19996 --- [dymometer] [           main] j.LocalContainerEntityManagerFactoryBean : Initialized JPA EntityManagerFactory for persistence unit 'default'
2024-08-26T20:07:07.669+02:00  WARN 19996 --- [dymometer] [           main] JpaBaseConfiguration$JpaWebConfiguration : spring.jpa.open-in-view is enabled by default. Therefore, database queries may be performed during view rendering. Explicitly configure spring.jpa.open-in-view to disable this warning
2024-08-26T20:07:08.087+02:00  INFO 19996 --- [dymometer] [           main] c.d.Dymometr.DymometrApplicationTests    : Started DymometrApplicationTests in 6.523 seconds (process running for 7.175)
]]></system-out>
    <system-err><![CDATA[WARNING: A Java agent has been loaded dynamically (C:\Users\Pawe³\.m2\repository\net\bytebuddy\byte-buddy-agent\1.14.19\byte-buddy-agent-1.14.19.ja)
WARNING: If a serviceability tool is in use, please run with -XX:+EnableDynamicAgentLoading to hide this warning
WARNING: If a serviceability tool is not in use, please run with -Djdk.instrument.traceUsage for more information
WARNING: Dynamic loading of agents will be disallowed by default in a future release
]]></system-err>
  </testcase>
</testsuite>